This is pdfTeX, Version 3.14159265-2.6-1.40.18 (TeX Live 2017/Debian) (preloaded format=pdflatex 2020.12.18)  14 SEP 2021 22:01
entering extended mode
 restricted \write18 enabled.
 %&-line parsing enabled.
**VHeft.tex
(./VHeft.tex
LaTeX2e <2017-04-15>
Babel <3.18> and hyphenation patterns for 84 language(s) loaded.
(/usr/share/texlive/texmf-dist/tex/latex/base/article.cls
Document Class: article 2014/09/29 v1.4h Standard LaTeX document class
(/usr/share/texlive/texmf-dist/tex/latex/base/size11.clo
File: size11.clo 2014/09/29 v1.4h Standard LaTeX file (size option)
)
\c@part=\count79
\c@section=\count80
\c@subsection=\count81
\c@subsubsection=\count82
\c@paragraph=\count83
\c@subparagraph=\count84
\c@figure=\count85
\c@table=\count86
\abovecaptionskip=\skip41
\belowcaptionskip=\skip42
\bibindent=\dimen102
) (./jheppub.sty
Package: jheppub 2011/11/22 r372

(/usr/share/texlive/texmf-dist/tex/latex/amsmath/amsmath.sty
Package: amsmath 2017/09/02 v2.17a AMS math features
\@mathmargin=\skip43

For additional information on amsmath, use the `?' option.
(/usr/share/texlive/texmf-dist/tex/latex/amsmath/amstext.sty
Package: amstext 2000/06/29 v2.01 AMS text

(/usr/share/texlive/texmf-dist/tex/latex/amsmath/amsgen.sty
File: amsgen.sty 1999/11/30 v2.0 generic functions
\@emptytoks=\toks14
\ex@=\dimen103
))
(/usr/share/texlive/texmf-dist/tex/latex/amsmath/amsbsy.sty
Package: amsbsy 1999/11/29 v1.2d Bold Symbols
\pmbraise@=\dimen104
)
(/usr/share/texlive/texmf-dist/tex/latex/amsmath/amsopn.sty
Package: amsopn 2016/03/08 v2.02 operator names
)
\inf@bad=\count87
LaTeX Info: Redefining \frac on input line 213.
\uproot@=\count88
\leftroot@=\count89
LaTeX Info: Redefining \overline on input line 375.
\classnum@=\count90
\DOTSCASE@=\count91
LaTeX Info: Redefining \ldots on input line 472.
LaTeX Info: Redefining \dots on input line 475.
LaTeX Info: Redefining \cdots on input line 596.
\Mathstrutbox@=\box26
\strutbox@=\box27
\big@size=\dimen105
LaTeX Font Info:    Redeclaring font encoding OML on input line 712.
LaTeX Font Info:    Redeclaring font encoding OMS on input line 713.
\macc@depth=\count92
\c@MaxMatrixCols=\count93
\dotsspace@=\muskip10
\c@parentequation=\count94
\dspbrk@lvl=\count95
\tag@help=\toks15
\row@=\count96
\column@=\count97
\maxfields@=\count98
\andhelp@=\toks16
\eqnshift@=\dimen106
\alignsep@=\dimen107
\tagshift@=\dimen108
\tagwidth@=\dimen109
\totwidth@=\dimen110
\lineht@=\dimen111
\@envbody=\toks17
\multlinegap=\skip44
\multlinetaggap=\skip45
\mathdisplay@stack=\toks18
LaTeX Info: Redefining \[ on input line 2817.
LaTeX Info: Redefining \] on input line 2818.
)
(/usr/share/texlive/texmf-dist/tex/latex/amsfonts/amssymb.sty
Package: amssymb 2013/01/14 v3.01 AMS font symbols

(/usr/share/texlive/texmf-dist/tex/latex/amsfonts/amsfonts.sty
Package: amsfonts 2013/01/14 v3.01 Basic AMSFonts support
\symAMSa=\mathgroup4
\symAMSb=\mathgroup5
LaTeX Font Info:    Overwriting math alphabet `\mathfrak' in version `bold'
(Font)                  U/euf/m/n --> U/euf/b/n on input line 106.
))
(/usr/share/texlive/texmf-dist/tex/latex/graphics/epsfig.sty
Package: epsfig 2017/06/25 v1.7b (e)psfig emulation (SPQR)

(/usr/share/texlive/texmf-dist/tex/latex/graphics/graphicx.sty
Package: graphicx 2017/06/01 v1.1a Enhanced LaTeX Graphics (DPC,SPQR)

(/usr/share/texlive/texmf-dist/tex/latex/graphics/keyval.sty
Package: keyval 2014/10/28 v1.15 key=value parser (DPC)
\KV@toks@=\toks19
)
(/usr/share/texlive/texmf-dist/tex/latex/graphics/graphics.sty
Package: graphics 2017/06/25 v1.2c Standard LaTeX Graphics (DPC,SPQR)

(/usr/share/texlive/texmf-dist/tex/latex/graphics/trig.sty
Package: trig 2016/01/03 v1.10 sin cos tan (DPC)
)
(/usr/share/texlive/texmf-dist/tex/latex/graphics-cfg/graphics.cfg
File: graphics.cfg 2016/06/04 v1.11 sample graphics configuration
)
Package graphics Info: Driver file: pdftex.def on input line 99.

(/usr/share/texlive/texmf-dist/tex/latex/graphics-def/pdftex.def
File: pdftex.def 2018/01/08 v1.0l Graphics/color driver for pdftex
))
\Gin@req@height=\dimen112
\Gin@req@width=\dimen113
)
\epsfxsize=\dimen114
\epsfysize=\dimen115
)
(/usr/share/texlive/texmf-dist/tex/latex/natbib/natbib.sty
Package: natbib 2010/09/13 8.31b (PWD, AO)
\bibhang=\skip46
\bibsep=\skip47
LaTeX Info: Redefining \cite on input line 694.
\c@NAT@ctr=\count99
)
(/usr/share/texlive/texmf-dist/tex/latex/graphics/color.sty
Package: color 2016/07/10 v1.1e Standard LaTeX Color (DPC)

(/usr/share/texlive/texmf-dist/tex/latex/graphics-cfg/color.cfg
File: color.cfg 2016/01/02 v1.6 sample color configuration
)
Package color Info: Driver file: pdftex.def on input line 147.
)
(/usr/share/texlive/texmf-dist/tex/latex/hyperref/hyperref.sty
Package: hyperref 2018/02/06 v6.86b Hypertext links for LaTeX

(/usr/share/texlive/texmf-dist/tex/generic/oberdiek/hobsub-hyperref.sty
Package: hobsub-hyperref 2016/05/16 v1.14 Bundle oberdiek, subset hyperref (HO)


(/usr/share/texlive/texmf-dist/tex/generic/oberdiek/hobsub-generic.sty
Package: hobsub-generic 2016/05/16 v1.14 Bundle oberdiek, subset generic (HO)
Package: hobsub 2016/05/16 v1.14 Construct package bundles (HO)
Package: infwarerr 2016/05/16 v1.4 Providing info/warning/error messages (HO)
Package: ltxcmds 2016/05/16 v1.23 LaTeX kernel commands for general use (HO)
Package: ifluatex 2016/05/16 v1.4 Provides the ifluatex switch (HO)
Package ifluatex Info: LuaTeX not detected.
Package: ifvtex 2016/05/16 v1.6 Detect VTeX and its facilities (HO)
Package ifvtex Info: VTeX not detected.
Package: intcalc 2016/05/16 v1.2 Expandable calculations with integers (HO)
Package: ifpdf 2017/03/15 v3.2 Provides the ifpdf switch
Package: etexcmds 2016/05/16 v1.6 Avoid name clashes with e-TeX commands (HO)
Package etexcmds Info: Could not find \expanded.
(etexcmds)             That can mean that you are not using pdfTeX 1.50 or
(etexcmds)             that some package has redefined \expanded.
(etexcmds)             In the latter case, load this package earlier.
Package: kvsetkeys 2016/05/16 v1.17 Key value parser (HO)
Package: kvdefinekeys 2016/05/16 v1.4 Define keys (HO)
Package: pdftexcmds 2018/01/21 v0.26 Utility functions of pdfTeX for LuaTeX (HO
)
Package pdftexcmds Info: LuaTeX not detected.
Package pdftexcmds Info: \pdf@primitive is available.
Package pdftexcmds Info: \pdf@ifprimitive is available.
Package pdftexcmds Info: \pdfdraftmode found.
Package: pdfescape 2016/05/16 v1.14 Implements pdfTeX's escape features (HO)
Package: bigintcalc 2016/05/16 v1.4 Expandable calculations on big integers (HO
)
Package: bitset 2016/05/16 v1.2 Handle bit-vector datatype (HO)
Package: uniquecounter 2016/05/16 v1.3 Provide unlimited unique counter (HO)
)
Package hobsub Info: Skipping package `hobsub' (already loaded).
Package: letltxmacro 2016/05/16 v1.5 Let assignment for LaTeX macros (HO)
Package: hopatch 2016/05/16 v1.3 Wrapper for package hooks (HO)
Package: xcolor-patch 2016/05/16 xcolor patch
Package: atveryend 2016/05/16 v1.9 Hooks at the very end of document (HO)
Package atveryend Info: \enddocument detected (standard20110627).
Package: atbegshi 2016/06/09 v1.18 At begin shipout hook (HO)
Package: refcount 2016/05/16 v3.5 Data extraction from label references (HO)
Package: hycolor 2016/05/16 v1.8 Color options for hyperref/bookmark (HO)
)
(/usr/share/texlive/texmf-dist/tex/generic/ifxetex/ifxetex.sty
Package: ifxetex 2010/09/12 v0.6 Provides ifxetex conditional
)
(/usr/share/texlive/texmf-dist/tex/latex/oberdiek/auxhook.sty
Package: auxhook 2016/05/16 v1.4 Hooks for auxiliary files (HO)
)
(/usr/share/texlive/texmf-dist/tex/latex/oberdiek/kvoptions.sty
Package: kvoptions 2016/05/16 v3.12 Key value format for package options (HO)
)
\@linkdim=\dimen116
\Hy@linkcounter=\count100
\Hy@pagecounter=\count101

(/usr/share/texlive/texmf-dist/tex/latex/hyperref/pd1enc.def
File: pd1enc.def 2018/02/06 v6.86b Hyperref: PDFDocEncoding definition (HO)
)
\Hy@SavedSpaceFactor=\count102

(/usr/share/texlive/texmf-dist/tex/latex/latexconfig/hyperref.cfg
File: hyperref.cfg 2002/06/06 v1.2 hyperref configuration of TeXLive
)
Package hyperref Info: Option `colorlinks' set `true' on input line 4383.


Package hyperref Warning: Option `pagecolor' is not available anymore.

Package hyperref Info: Option `linktocpage' set `true' on input line 4383.
Package hyperref Info: Hyper figures OFF on input line 4509.
Package hyperref Info: Link nesting OFF on input line 4514.
Package hyperref Info: Hyper index ON on input line 4517.
Package hyperref Info: Plain pages OFF on input line 4524.
Package hyperref Info: Backreferencing OFF on input line 4529.
Package hyperref Info: Implicit mode ON; LaTeX internals redefined.
Package hyperref Info: Bookmarks ON on input line 4762.
\c@Hy@tempcnt=\count103
(/usr/share/texlive/texmf-dist/tex/latex/url/url.sty
\Urlmuskip=\muskip11
Package: url 2013/09/16  ver 3.4  Verb mode for urls, etc.
)
LaTeX Info: Redefining \url on input line 5115.
\XeTeXLinkMargin=\dimen117
\Fld@menulength=\count104
\Field@Width=\dimen118
\Fld@charsize=\dimen119
Package hyperref Info: Hyper figures OFF on input line 6369.
Package hyperref Info: Link nesting OFF on input line 6374.
Package hyperref Info: Hyper index ON on input line 6377.
Package hyperref Info: backreferencing OFF on input line 6384.
Package hyperref Info: Link coloring ON on input line 6387.
Package hyperref Info: Link coloring with OCG OFF on input line 6394.
Package hyperref Info: PDF/A mode OFF on input line 6399.
LaTeX Info: Redefining \ref on input line 6439.
LaTeX Info: Redefining \pageref on input line 6443.
\Hy@abspage=\count105
\c@Item=\count106
\c@Hfootnote=\count107
)
Package hyperref Info: Driver (autodetected): hpdftex.

(/usr/share/texlive/texmf-dist/tex/latex/hyperref/hpdftex.def
File: hpdftex.def 2018/02/06 v6.86b Hyperref driver for pdfTeX
\Fld@listcount=\count108
\c@bookmark@seq@number=\count109

(/usr/share/texlive/texmf-dist/tex/latex/oberdiek/rerunfilecheck.sty
Package: rerunfilecheck 2016/05/16 v1.8 Rerun checks for auxiliary files (HO)
Package uniquecounter Info: New unique counter `rerunfilecheck' on input line 2
82.
)
\Hy@SectionHShift=\skip48
)
\auth@toks=\toks20
\affil@toks=\toks21
\email@toks=\toks22
\c@email@counter=\count110
\affiliationsSep=\skip49
LaTeX Font Info:    Try loading font information for OT1+phv on input line 141.


(/usr/share/texlive/texmf-dist/tex/latex/psnfss/ot1phv.fd
File: ot1phv.fd 2001/06/04 scalable font definitions for OT1/phv.
))
(/usr/share/texlive/texmf-dist/tex/latex/mathtools/mathtools.sty
Package: mathtools 2018/01/08 v1.21 mathematical typesetting tools

(/usr/share/texlive/texmf-dist/tex/latex/tools/calc.sty
Package: calc 2014/10/28 v4.3 Infix arithmetic (KKT,FJ)
\calc@Acount=\count111
\calc@Bcount=\count112
\calc@Adimen=\dimen120
\calc@Bdimen=\dimen121
\calc@Askip=\skip50
\calc@Bskip=\skip51
LaTeX Info: Redefining \setlength on input line 80.
LaTeX Info: Redefining \addtolength on input line 81.
\calc@Ccount=\count113
\calc@Cskip=\skip52
)
(/usr/share/texlive/texmf-dist/tex/latex/mathtools/mhsetup.sty
Package: mhsetup 2017/03/31 v1.3 programming setup (MH)
)
LaTeX Info: Thecontrolsequence`\('isalreadyrobust on input line 129.
LaTeX Info: Thecontrolsequence`\)'isalreadyrobust on input line 129.
LaTeX Info: Thecontrolsequence`\['isalreadyrobust on input line 129.
LaTeX Info: Thecontrolsequence`\]'isalreadyrobust on input line 129.
\g_MT_multlinerow_int=\count114
\l_MT_multwidth_dim=\dimen122
\origjot=\skip53
\l_MT_shortvdotswithinadjustabove_dim=\dimen123
\l_MT_shortvdotswithinadjustbelow_dim=\dimen124
\l_MT_above_intertext_sep=\dimen125
\l_MT_below_intertext_sep=\dimen126
\l_MT_above_shortintertext_sep=\dimen127
\l_MT_below_shortintertext_sep=\dimen128
)
(/usr/share/texlive/texmf-dist/tex/latex/tabu/tabu.sty
Package: tabu 2011/02/26 v2.8 - flexible LaTeX tabulars (FC)

(/usr/share/texlive/texmf-dist/tex/latex/tools/array.sty
Package: array 2016/10/06 v2.4d Tabular extension package (FMi)
\col@sep=\dimen129
\extrarowheight=\dimen130
\NC@list=\toks23
\extratabsurround=\skip54
\backup@length=\skip55
)
(/usr/share/texlive/texmf-dist/tex/latex/varwidth/varwidth.sty
Package: varwidth 2009/03/30 ver 0.92;  Variable-width minipages
\@vwid@box=\box28
\sift@deathcycles=\count115
\@vwid@loff=\dimen131
\@vwid@roff=\dimen132
)
\c@taburow=\count116
\tabu@nbcols=\count117
\tabu@cnt=\count118
\tabu@Xcol=\count119
\tabu@alloc=\count120
\tabu@nested=\count121
\tabu@target=\dimen133
\tabu@spreadtarget=\dimen134
\tabu@naturalX=\dimen135
\tabucolX=\dimen136
\tabu@Xsum=\dimen137
\extrarowdepth=\dimen138
\abovetabulinesep=\dimen139
\belowtabulinesep=\dimen140
\tabustrutrule=\dimen141
\tabu@thebody=\toks24
\tabu@footnotes=\toks25
\tabu@box=\box29
\tabu@arstrutbox=\box30
\tabu@hleads=\box31
\tabu@vleads=\box32
\tabu@cellskip=\skip56
)
(/usr/share/texlive/texmf-dist/tex/latex/oberdiek/epstopdf.sty
Package: epstopdf 2016/05/15 v2.6 Conversion with epstopdf on the fly (HO)

(/usr/share/texlive/texmf-dist/tex/latex/oberdiek/epstopdf-base.sty
Package: epstopdf-base 2016/05/15 v2.6 Base part for package epstopdf

(/usr/share/texlive/texmf-dist/tex/latex/oberdiek/grfext.sty
Package: grfext 2016/05/16 v1.2 Manage graphics extensions (HO)
)
Package epstopdf-base Info: Redefining graphics rule for `.eps' on input line 4
38.
Package grfext Info: Graphics extension search list:
(grfext)             [.pdf,.png,.jpg,.mps,.jpeg,.jbig2,.jb2,.PDF,.PNG,.JPG,.JPE
G,.JBIG2,.JB2,.eps]
(grfext)             \AppendGraphicsExtensions on input line 456.

(/usr/share/texlive/texmf-dist/tex/latex/latexconfig/epstopdf-sys.cfg
File: epstopdf-sys.cfg 2010/07/13 v1.3 Configuration of (r)epstopdf for TeX Liv
e
)))
(/usr/share/texlive/texmf-dist/tex/latex/carlisle/slashed.sty
Package: slashed 1997/01/16 v0.01 Feynman Slashed Character Notation (DPC)
)
(/usr/share/texlive/texmf-dist/tex/latex/xcolor/xcolor.sty
Package: xcolor 2016/05/11 v2.12 LaTeX color extensions (UK)

(/usr/share/texlive/texmf-dist/tex/latex/graphics-cfg/color.cfg
File: color.cfg 2016/01/02 v1.6 sample color configuration
)
Package xcolor Info: Driver file: pdftex.def on input line 225.
LaTeX Info: Redefining \color on input line 709.
Package xcolor Info: Model `cmy' substituted by `cmy0' on input line 1348.
Package xcolor Info: Model `hsb' substituted by `rgb' on input line 1352.
Package xcolor Info: Model `RGB' extended on input line 1364.
Package xcolor Info: Model `HTML' substituted by `rgb' on input line 1366.
Package xcolor Info: Model `Hsb' substituted by `hsb' on input line 1367.
Package xcolor Info: Model `tHsb' substituted by `hsb' on input line 1368.
Package xcolor Info: Model `HSB' substituted by `hsb' on input line 1369.
Package xcolor Info: Model `Gray' substituted by `gray' on input line 1370.
Package xcolor Info: Model `wave' substituted by `hsb' on input line 1371.
)
(/usr/share/texlive/texmf-dist/tex/latex/multirow/multirow.sty
Package: multirow 2016/11/25 v2.2 Span multiple rows of a table
\multirow@colwidth=\skip57
\multirow@cntb=\count122
\multirow@dima=\skip58
\bigstrutjot=\dimen142
)
(/usr/share/texlive/texmf-dist/tex/latex/tools/multicol.sty
Package: multicol 2017/04/11 v1.8q multicolumn formatting (FMi)
\c@tracingmulticols=\count123
\mult@box=\box33
\multicol@leftmargin=\dimen143
\c@unbalance=\count124
\c@collectmore=\count125
\doublecol@number=\count126
\multicoltolerance=\count127
\multicolpretolerance=\count128
\full@width=\dimen144
\page@free=\dimen145
\premulticols=\dimen146
\postmulticols=\dimen147
\multicolsep=\skip59
\multicolbaselineskip=\skip60
\partial@page=\box34
\last@line=\box35
\maxbalancingoverflow=\dimen148
\mult@rightbox=\box36
\mult@grightbox=\box37
\mult@gfirstbox=\box38
\mult@firstbox=\box39
\@tempa=\box40
\@tempa=\box41
\@tempa=\box42
\@tempa=\box43
\@tempa=\box44
\@tempa=\box45
\@tempa=\box46
\@tempa=\box47
\@tempa=\box48
\@tempa=\box49
\@tempa=\box50
\@tempa=\box51
\@tempa=\box52
\@tempa=\box53
\@tempa=\box54
\@tempa=\box55
\@tempa=\box56
\c@columnbadness=\count129
\c@finalcolumnbadness=\count130
\last@try=\dimen149
\multicolovershoot=\dimen150
\multicolundershoot=\dimen151
\mult@nat@firstbox=\box57
\colbreak@box=\box58
\mc@col@check@num=\count131
)
(/usr/share/texlive/texmf-dist/tex/latex/placeins/placeins.sty
Package: placeins 2005/04/18  v 2.2
)
(/usr/share/texlive/texmf-dist/tex/latex/tools/xspace.sty
Package: xspace 2014/10/28 v1.13 Space after command names (DPC,MH)
)
(/usr/share/texlive/texmf-dist/tex/latex/hepnames/hepnames.sty
Package: hepnames 2014/12/01 Pre-defined HEP particle symbols (version 2.0)

(/usr/share/texlive/texmf-dist/tex/latex/hepnames/hepnicenames.sty
Package: hepnicenames 2014/12/01 Friendly alternatives to the PEN particle code
s (version 2.0)

(/usr/share/texlive/texmf-dist/tex/latex/hepnames/heppennames.sty
Package: heppennames 2014/12/01 Elementary Particle Naming Scheme (version 2.0)


(./hepparticles.sty
Package: hepparticles 2020/02/13 HEP particle typesetting (v2.1)

(/usr/share/texlive/texmf-dist/tex/latex/subdepth/subdepth.sty
Package: subdepth 2007/09/02 v0.1 Unify subscript depths
)
LaTeX Font Info:    Overwriting math alphabet `\mathup' in version `bold'
(Font)                  OT1/cmr/m/n --> OT1/cmr/bx/n on input line 92.
LaTeX Font Info:    Overwriting math alphabet `\mathsfup' in version `bold'
(Font)                  OT1/cmss/m/n --> OT1/cmss/bx/n on input line 95.
LaTeX Font Info:    Overwriting math alphabet `\mathsfit' in version `bold'
(Font)                  OT1/cmss/m/sl --> OT1/cmss/bx/sl on input line 98.
))))
(/usr/share/texlive/texmf-dist/tex/latex/comment/comment.sty
\CommentStream=\write3

Excluding comment 'comment')
(/usr/share/texlive/texmf-dist/tex/latex/tocloft/tocloft.sty
Package: tocloft 2017/08/31 v2.3i parameterised ToC, etc., typesetting
Package tocloft Info: The document has section divisions on input line 51.
\cftparskip=\skip61
\cftbeforetoctitleskip=\skip62
\cftaftertoctitleskip=\skip63
\cftbeforepartskip=\skip64
\cftpartnumwidth=\skip65
\cftpartindent=\skip66
\cftbeforesecskip=\skip67
\cftsecindent=\skip68
\cftsecnumwidth=\skip69
\cftbeforesubsecskip=\skip70
\cftsubsecindent=\skip71
\cftsubsecnumwidth=\skip72
\cftbeforesubsubsecskip=\skip73
\cftsubsubsecindent=\skip74
\cftsubsubsecnumwidth=\skip75
\cftbeforeparaskip=\skip76
\cftparaindent=\skip77
\cftparanumwidth=\skip78
\cftbeforesubparaskip=\skip79
\cftsubparaindent=\skip80
\cftsubparanumwidth=\skip81
\cftbeforeloftitleskip=\skip82
\cftafterloftitleskip=\skip83
\cftbeforefigskip=\skip84
\cftfigindent=\skip85
\cftfignumwidth=\skip86
\c@lofdepth=\count132
\c@lotdepth=\count133
\cftbeforelottitleskip=\skip87
\cftafterlottitleskip=\skip88
\cftbeforetabskip=\skip89
\cfttabindent=\skip90
\cfttabnumwidth=\skip91
)
(./ptdr-definitions.sty
Package: ptdr-definitions 2018/05/15 CMS Additional Macro Definitions (460316)
)
(/usr/share/texlive/texmf-dist/tex/latex/graphics/rotating.sty
Package: rotating 2016/08/11 v2.16d rotated objects in LaTeX

(/usr/share/texlive/texmf-dist/tex/latex/base/ifthen.sty
Package: ifthen 2014/09/29 v1.1c Standard LaTeX ifthen package (DPC)
)
\c@r@tfl@t=\count134
\rotFPtop=\skip92
\rotFPbot=\skip93
\rot@float@box=\box59
\rot@mess@toks=\toks26
) (./VHeft.aux)
\openout1 = `VHeft.aux'.

LaTeX Font Info:    Checking defaults for OML/cmm/m/it on input line 65.
LaTeX Font Info:    ... okay on input line 65.
LaTeX Font Info:    Checking defaults for T1/cmr/m/n on input line 65.
LaTeX Font Info:    ... okay on input line 65.
LaTeX Font Info:    Checking defaults for OT1/cmr/m/n on input line 65.
LaTeX Font Info:    ... okay on input line 65.
LaTeX Font Info:    Checking defaults for OMS/cmsy/m/n on input line 65.
LaTeX Font Info:    ... okay on input line 65.
LaTeX Font Info:    Checking defaults for OMX/cmex/m/n on input line 65.
LaTeX Font Info:    ... okay on input line 65.
LaTeX Font Info:    Checking defaults for U/cmr/m/n on input line 65.
LaTeX Font Info:    ... okay on input line 65.
LaTeX Font Info:    Checking defaults for PD1/pdf/m/n on input line 65.
LaTeX Font Info:    ... okay on input line 65.

(/usr/share/texlive/texmf-dist/tex/context/base/mkii/supp-pdf.mkii
[Loading MPS to PDF converter (version 2006.09.02).]
\scratchcounter=\count135
\scratchdimen=\dimen152
\scratchbox=\box60
\nofMPsegments=\count136
\nofMParguments=\count137
\everyMPshowfont=\toks27
\MPscratchCnt=\count138
\MPscratchDim=\dimen153
\MPnumerator=\count139
\makeMPintoPDFobject=\count140
\everyMPtoPDFconversion=\toks28
)
\AtBeginShipoutBox=\box61
Package hyperref Info: Link coloring ON on input line 65.
 (/usr/share/texlive/texmf-dist/tex/latex/hyperref/nameref.sty
Package: nameref 2016/05/21 v2.44 Cross-referencing by name of section

(/usr/share/texlive/texmf-dist/tex/generic/oberdiek/gettitlestring.sty
Package: gettitlestring 2016/05/16 v1.5 Cleanup title references (HO)
)
\c@section@level=\count141
)
LaTeX Info: Redefining \ref on input line 65.
LaTeX Info: Redefining \pageref on input line 65.
LaTeX Info: Redefining \nameref on input line 65.

(./VHeft.out) (./VHeft.out)
\@outlinefile=\write4
\openout4 = `VHeft.out'.

LaTeX Font Info:    Try loading font information for U+msa on input line 75.

(/usr/share/texlive/texmf-dist/tex/latex/amsfonts/umsa.fd
File: umsa.fd 2013/01/14 v3.01 AMS symbols A
)
LaTeX Font Info:    Try loading font information for U+msb on input line 75.

(/usr/share/texlive/texmf-dist/tex/latex/amsfonts/umsb.fd
File: umsb.fd 2013/01/14 v3.01 AMS symbols B
) (./VHeft.toc)
\tf@toc=\write5
\openout5 = `VHeft.toc'.

LaTeX Info: Redefining \HepProcess on input line 79.
LaTeX Info: Redefining \HepProcess on input line 79.

[1

{/var/lib/texmf/fonts/map/pdftex/updmap/pdftex.map}]
LaTeX Info: Redefining \HepProcess on input line 82.

Excluding 'comment' comment.
LaTeX Info: Redefining \HepProcess on input line 122.
LaTeX Info: Redefining \HepProcess on input line 122.
 [2]
LaTeX Info: Redefining \HepProcess on input line 122.
<Figures/Feynman_diagrams/ffVh.png, id=163, 322.20375pt x 255.95625pt>
File: Figures/Feynman_diagrams/ffVh.png Graphic file (type png)
<use Figures/Feynman_diagrams/ffVh.png>
Package pdftex.def Info: Figures/Feynman_diagrams/ffVh.png  used on input line 
171.
(pdftex.def)             Requested size: 129.06322pt x 102.52908pt.
<Figures/Feynman_diagrams/Vff.png, id=165, 302.12875pt x 252.945pt>
File: Figures/Feynman_diagrams/Vff.png Graphic file (type png)
<use Figures/Feynman_diagrams/Vff.png>
Package pdftex.def Info: Figures/Feynman_diagrams/Vff.png  used on input line 1
72.
(pdftex.def)             Requested size: 129.06322pt x 108.05019pt.
<Figures/Feynman_diagrams/hVV.png, id=166, 274.02374pt x 255.95625pt>
File: Figures/Feynman_diagrams/hVV.png Graphic file (type png)
<use Figures/Feynman_diagrams/hVV.png>
Package pdftex.def Info: Figures/Feynman_diagrams/hVV.png  used on input line 1
73.
(pdftex.def)             Requested size: 129.06322pt x 120.5533pt.
<Figures/LHE/TheThreeAnglesVh.pdf, id=171, 845.01837pt x 597.47943pt>
File: Figures/LHE/TheThreeAnglesVh.pdf Graphic file (type pdf)
<use Figures/LHE/TheThreeAnglesVh.pdf>
Package pdftex.def Info: Figures/LHE/TheThreeAnglesVh.pdf  used on input line 1
98.
(pdftex.def)             Requested size: 322.65479pt x 228.13855pt.
LaTeX Info: Redefining \HepProcess on input line 205.
LaTeX Info: Redefining \HepProcess on input line 205.
 [3] Excluding 'comment' comment.
LaTeX Info: Redefining \HepProcess on input line 217.
<Figures/LHE/WH/Canv_cpq3i.png, id=197, 798.985pt x 574.145pt>
File: Figures/LHE/WH/Canv_cpq3i.png Graphic file (type png)
<use Figures/LHE/WH/Canv_cpq3i.png>
Package pdftex.def Info: Figures/LHE/WH/Canv_cpq3i.png  used on input line 224.

(pdftex.def)             Requested size: 138.09587pt x 99.23285pt.
<Figures/LHE/WH/Canv_cpW.png, id=198, 798.985pt x 574.145pt>
File: Figures/LHE/WH/Canv_cpW.png Graphic file (type png)
<use Figures/LHE/WH/Canv_cpW.png>
Package pdftex.def Info: Figures/LHE/WH/Canv_cpW.png  used on input line 225.
(pdftex.def)             Requested size: 138.09587pt x 99.23285pt.
<Figures/LHE/WH/Canv_cpWB.png, id=199, 798.985pt x 574.145pt>
File: Figures/LHE/WH/Canv_cpWB.png Graphic file (type png)
<use Figures/LHE/WH/Canv_cpWB.png>
Package pdftex.def Info: Figures/LHE/WH/Canv_cpWB.png  used on input line 226.
(pdftex.def)             Requested size: 138.09587pt x 99.23285pt.
<Figures/LHE/ZH/Canv_cpq3i.png, id=200, 798.985pt x 574.145pt>
File: Figures/LHE/ZH/Canv_cpq3i.png Graphic file (type png)
<use Figures/LHE/ZH/Canv_cpq3i.png>
Package pdftex.def Info: Figures/LHE/ZH/Canv_cpq3i.png  used on input line 227.

(pdftex.def)             Requested size: 138.09587pt x 99.23285pt.
<Figures/LHE/ZH/Canv_cpW.png, id=201, 798.985pt x 574.145pt>
File: Figures/LHE/ZH/Canv_cpW.png Graphic file (type png)
<use Figures/LHE/ZH/Canv_cpW.png>
Package pdftex.def Info: Figures/LHE/ZH/Canv_cpW.png  used on input line 228.
(pdftex.def)             Requested size: 138.09587pt x 99.23285pt.
<Figures/LHE/ZH/Canv_cpWB.png, id=202, 798.985pt x 574.145pt>
File: Figures/LHE/ZH/Canv_cpWB.png Graphic file (type png)
<use Figures/LHE/ZH/Canv_cpWB.png>
Package pdftex.def Info: Figures/LHE/ZH/Canv_cpWB.png  used on input line 229.
(pdftex.def)             Requested size: 138.09587pt x 99.23285pt.
<Figures/LHE/WH/LHE_Plot_phi.png, id=204, 798.985pt x 574.145pt>
File: Figures/LHE/WH/LHE_Plot_phi.png Graphic file (type png)
<use Figures/LHE/WH/LHE_Plot_phi.png>
Package pdftex.def Info: Figures/LHE/WH/LHE_Plot_phi.png  used on input line 24
2.
(pdftex.def)             Requested size: 193.59155pt x 139.11172pt.
<Figures/LHE/ZH/LHE_Plot_phi.png, id=205, 798.985pt x 574.145pt>
File: Figures/LHE/ZH/LHE_Plot_phi.png Graphic file (type png)
<use Figures/LHE/ZH/LHE_Plot_phi.png>
Package pdftex.def Info: Figures/LHE/ZH/LHE_Plot_phi.png  used on input line 24
3.
(pdftex.def)             Requested size: 193.59155pt x 139.11172pt.
LaTeX Info: Redefining \HepProcess on input line 257.
LaTeX Info: Redefining \HepProcess on input line 264.
LaTeX Info: Redefining \HepProcess on input line 264.
 [4 <./Figures/Feynman_diagrams/ffVh.png> <./Figures/Feynman_diagrams/Vff.png> 
<./Figures/Feynman_diagrams/hVV.png>]
LaTeX Info: Redefining \HepProcess on input line 266.
LaTeX Info: Redefining \HepProcess on input line 266.
 [5 <./Figures/LHE/TheThreeAnglesVh.pdf> <./Figures/LHE/WH/Canv_cpq3i.png> <./F
igures/LHE/WH/Canv_cpW.png> <./Figures/LHE/WH/Canv_cpWB.png> <./Figures/LHE/ZH/
Canv_cpq3i.png> <./Figures/LHE/ZH/Canv_cpW.png> <./Figures/LHE/ZH/Canv_cpWB.png
>]
LaTeX Font Info:    Try loading font information for OMS+cmr on input line 266.


(/usr/share/texlive/texmf-dist/tex/latex/base/omscmr.fd
File: omscmr.fd 2014/09/29 v2.5h Standard LaTeX font definitions
)
LaTeX Font Info:    Font shape `OMS/cmr/m/n' in size <10.95> not available
(Font)              Font shape `OMS/cmsy/m/n' tried instead on input line 266.
LaTeX Info: Redefining \HepProcess on input line 283.
LaTeX Info: Redefining \HepProcess on input line 293.
LaTeX Info: Redefining \HepProcess on input line 293.
 [6 <./Figures/LHE/WH/LHE_Plot_phi.png> <./Figures/LHE/ZH/LHE_Plot_phi.png>]

Package natbib Warning: Citation `Cohen:1997ac' on page 7 undefined on input li
ne 299.


Package natbib Warning: Citation `Damgaard:2015con' on page 7 undefined on inpu
t line 299.


Package natbib Warning: Citation `Grzadkowski:2018nbc' on page 7 undefined on i
nput line 299.

LaTeX Info: Redefining \HepProcess on input line 302.
LaTeX Info: Redefining \HepProcess on input line 312.
LaTeX Info: Redefining \HepProcess on input line 329.
LaTeX Info: Redefining \HepProcess on input line 329.
[7] Excluding 'comment' comment.
LaTeX Info: Redefining \HepProcess on input line 368.
LaTeX Info: Redefining \HepProcess on input line 392.
LaTeX Info: Redefining \HepProcess on input line 392.
 [8] Excluding 'comment' comment.
Overfull \hbox (49.43768pt too wide) in paragraph at lines 401--425
 [] 
 []

<Figures/RECO/Plot_Resolved_SR_V_pt.png, id=326, 598.235pt x 752.8125pt>
File: Figures/RECO/Plot_Resolved_SR_V_pt.png Graphic file (type png)
<use Figures/RECO/Plot_Resolved_SR_V_pt.png>
Package pdftex.def Info: Figures/RECO/Plot_Resolved_SR_V_pt.png  used on input 
line 436.
(pdftex.def)             Requested size: 193.59155pt x 243.61584pt.
<Figures/RECO/Plot_Boosted_SR_V_pt.png, id=327, 598.235pt x 752.8125pt>
File: Figures/RECO/Plot_Boosted_SR_V_pt.png Graphic file (type png)
<use Figures/RECO/Plot_Boosted_SR_V_pt.png>
Package pdftex.def Info: Figures/RECO/Plot_Boosted_SR_V_pt.png  used on input l
ine 437.
(pdftex.def)             Requested size: 193.59155pt x 243.61584pt.
<Figures/RECO/Angle/WH/Boosted_Plot_Theta.png, id=331, 798.985pt x 574.145pt>
File: Figures/RECO/Angle/WH/Boosted_Plot_Theta.png Graphic file (type png)
<use Figures/RECO/Angle/WH/Boosted_Plot_Theta.png>
Package pdftex.def Info: Figures/RECO/Angle/WH/Boosted_Plot_Theta.png  used on 
input line 451.
(pdftex.def)             Requested size: 193.59155pt x 139.11172pt.
<Figures/RECO/Angle/ZH/Boosted_Plot_Theta.png, id=332, 798.985pt x 574.145pt>
File: Figures/RECO/Angle/ZH/Boosted_Plot_Theta.png Graphic file (type png)
<use Figures/RECO/Angle/ZH/Boosted_Plot_Theta.png>
Package pdftex.def Info: Figures/RECO/Angle/ZH/Boosted_Plot_Theta.png  used on 
input line 452.
(pdftex.def)             Requested size: 193.59155pt x 139.11172pt.
<Figures/RECO/CP/WH/Resolved_Plot_phi.png, id=333, 798.985pt x 574.145pt>
File: Figures/RECO/CP/WH/Resolved_Plot_phi.png Graphic file (type png)
<use Figures/RECO/CP/WH/Resolved_Plot_phi.png>
Package pdftex.def Info: Figures/RECO/CP/WH/Resolved_Plot_phi.png  used on inpu
t line 453.
(pdftex.def)             Requested size: 193.59155pt x 139.11172pt.
<Figures/RECO/CP/ZH/Resolved_Plot_phi.png, id=334, 798.985pt x 574.145pt>
File: Figures/RECO/CP/ZH/Resolved_Plot_phi.png Graphic file (type png)
<use Figures/RECO/CP/ZH/Resolved_Plot_phi.png>
Package pdftex.def Info: Figures/RECO/CP/ZH/Resolved_Plot_phi.png  used on inpu
t line 454.
(pdftex.def)             Requested size: 193.59155pt x 139.11172pt.
LaTeX Info: Redefining \HepProcess on input line 462.
LaTeX Info: Redefining \HepProcess on input line 462.
[9]
LaTeX Info: Redefining \HepProcess on input line 464.
<Figures/RECO/Resolved_Plot_2D_phi_unweighted.png, id=345, 798.985pt x 574.145p
t>
File: Figures/RECO/Resolved_Plot_2D_phi_unweighted.png Graphic file (type png)
<use Figures/RECO/Resolved_Plot_2D_phi_unweighted.png>
Package pdftex.def Info: Figures/RECO/Resolved_Plot_2D_phi_unweighted.png  used
 on input line 483.
(pdftex.def)             Requested size: 193.59155pt x 139.11172pt.
<Figures/RECO/Boosted_Plot_2D_phi_unweighted.png, id=346, 798.985pt x 574.145pt
>
File: Figures/RECO/Boosted_Plot_2D_phi_unweighted.png Graphic file (type png)
<use Figures/RECO/Boosted_Plot_2D_phi_unweighted.png>
Package pdftex.def Info: Figures/RECO/Boosted_Plot_2D_phi_unweighted.png  used 
on input line 484.
(pdftex.def)             Requested size: 193.59155pt x 139.11172pt.
LaTeX Info: Redefining \HepProcess on input line 495.

Overfull \hbox (77.49045pt too wide) in paragraph at lines 507--519
 [][] 
 []

<Figures/RECO/Plot_WH_MVA_WH_fast_resolved.png, id=352, 798.985pt x 574.145pt>
File: Figures/RECO/Plot_WH_MVA_WH_fast_resolved.png Graphic file (type png)
<use Figures/RECO/Plot_WH_MVA_WH_fast_resolved.png>
Package pdftex.def Info: Figures/RECO/Plot_WH_MVA_WH_fast_resolved.png  used on
 input line 526.
(pdftex.def)             Requested size: 193.59155pt x 139.11172pt.
<Figures/RECO/ROC_plot_TT_MVA_resolved.png, id=353, 798.985pt x 574.145pt>
File: Figures/RECO/ROC_plot_TT_MVA_resolved.png Graphic file (type png)
<use Figures/RECO/ROC_plot_TT_MVA_resolved.png>
Package pdftex.def Info: Figures/RECO/ROC_plot_TT_MVA_resolved.png  used on inp
ut line 527.
(pdftex.def)             Requested size: 193.59155pt x 139.11172pt.
<Figures/RECO/Plot_WH_MVA_WH_fast_boosted.png, id=354, 798.985pt x 574.145pt>
File: Figures/RECO/Plot_WH_MVA_WH_fast_boosted.png Graphic file (type png)
<use Figures/RECO/Plot_WH_MVA_WH_fast_boosted.png>
Package pdftex.def Info: Figures/RECO/Plot_WH_MVA_WH_fast_boosted.png  used on 
input line 528.
(pdftex.def)             Requested size: 193.59155pt x 139.11172pt.
<Figures/RECO/ROC_plot_TT_MVA_boosted.png, id=355, 798.985pt x 574.145pt>
File: Figures/RECO/ROC_plot_TT_MVA_boosted.png Graphic file (type png)
<use Figures/RECO/ROC_plot_TT_MVA_boosted.png>
Package pdftex.def Info: Figures/RECO/ROC_plot_TT_MVA_boosted.png  used on inpu
t line 529.
(pdftex.def)             Requested size: 193.59155pt x 139.11172pt.
LaTeX Info: Redefining \HepProcess on input line 536.
LaTeX Info: Redefining \HepProcess on input line 536.
[10 <./Figures/RECO/Plot_Resolved_SR_V_pt.png> <./Figures/RECO/Plot_Boosted_SR_
V_pt.png>]
LaTeX Info: Redefining \HepProcess on input line 536.
LaTeX Info: Redefining \HepProcess on input line 536.
 [11 <./Figures/RECO/Angle/WH/Boosted_Plot_Theta.png> <./Figures/RECO/Angle/ZH/
Boosted_Plot_Theta.png> <./Figures/RECO/CP/WH/Resolved_Plot_phi.png> <./Figures
/RECO/CP/ZH/Resolved_Plot_phi.png> <./Figures/RECO/Resolved_Plot_2D_phi_unweigh
ted.png> <./Figures/RECO/Boosted_Plot_2D_phi_unweighted.png>]
LaTeX Info: Redefining \HepProcess on input line 537.
LaTeX Info: Redefining \HepProcess on input line 537.

[12 <./Figures/RECO/Plot_WH_MVA_WH_fast_resolved.png> <./Figures/RECO/ROC_plot_
TT_MVA_resolved.png> <./Figures/RECO/Plot_WH_MVA_WH_fast_boosted.png> <./Figure
s/RECO/ROC_plot_TT_MVA_boosted.png>]
LaTeX Info: Redefining \HepProcess on input line 537.
<Figures/RECO/Full_NLL_WC_cpq3i_fine_300fb_opt1.png, id=378, 798.985pt x 574.14
5pt>
File: Figures/RECO/Full_NLL_WC_cpq3i_fine_300fb_opt1.png Graphic file (type png
)
<use Figures/RECO/Full_NLL_WC_cpq3i_fine_300fb_opt1.png>
Package pdftex.def Info: Figures/RECO/Full_NLL_WC_cpq3i_fine_300fb_opt1.png  us
ed on input line 545.
(pdftex.def)             Requested size: 193.59155pt x 139.11172pt.
<Figures/RECO/Full_NLL_WC_cpW_fine_300fb.png, id=379, 798.985pt x 574.145pt>
File: Figures/RECO/Full_NLL_WC_cpW_fine_300fb.png Graphic file (type png)
<use Figures/RECO/Full_NLL_WC_cpW_fine_300fb.png>
Package pdftex.def Info: Figures/RECO/Full_NLL_WC_cpW_fine_300fb.png  used on i
nput line 546.
(pdftex.def)             Requested size: 193.59155pt x 139.11172pt.
LaTeX Info: Redefining \HepProcess on input line 558.
LaTeX Info: Redefining \HepProcess on input line 572.
LaTeX Info: Redefining \HepProcess on input line 572.
 [13 <./Figures/RECO/Full_NLL_WC_cpq3i_fine_300fb_opt1.png> <./Figures/RECO/Ful
l_NLL_WC_cpW_fine_300fb.png>]
LaTeX Info: Redefining \HepProcess on input line 575.
LaTeX Info: Redefining \HepProcess on input line 589.
LaTeX Info: Redefining \HepProcess on input line 613.
LaTeX Info: Redefining \HepProcess on input line 613.
 [14]
LaTeX Info: Redefining \HepProcess on input line 650.
LaTeX Info: Redefining \HepProcess on input line 650.
 [15]
LaTeX Info: Redefining \HepProcess on input line 688.
LaTeX Info: Redefining \HepProcess on input line 688.

[16]
Overfull \hbox (75.19974pt too wide) in paragraph at lines 712--744
[][] 
 []

LaTeX Info: Redefining \HepProcess on input line 749.
LaTeX Info: Redefining \HepProcess on input line 754.
LaTeX Info: Redefining \HepProcess on input line 762.
LaTeX Info: Redefining \HepProcess on input line 769.
LaTeX Info: Redefining \HepProcess on input line 769.
[17]
LaTeX Info: Redefining \HepProcess on input line 779.
LaTeX Info: Redefining \HepProcess on input line 779.
 [18]
LaTeX Info: Redefining \HepProcess on input line 779.
LaTeX Info: Redefining \HepProcess on input line 779.
 [19]
LaTeX Info: Redefining \HepProcess on input line 780.
 (./VHeft.bbl
LaTeX Info: Redefining \HepProcess on input line 94.
LaTeX Info: Redefining \HepProcess on input line 94.
 [20

]
LaTeX Info: Redefining \HepProcess on input line 193.
LaTeX Info: Redefining \HepProcess on input line 193.
 [21]
Missing character: There is no Ã in font cmr10!
Missing character: There is no ¶ in font cmr10!
)
LaTeX Info: Redefining \HepProcess on input line 787.
LaTeX Info: Redefining \HepProcess on input line 787.
 [22]
LaTeX Info: Redefining \HepProcess on input line 789.
LaTeX Info: Redefining \HepProcess on input line 860.
LaTeX Info: Redefining \HepProcess on input line 860.
 [23]
LaTeX Info: Redefining \HepProcess on input line 861.
LaTeX Info: Redefining \HepProcess on input line 861.
 [24]
LaTeX Info: Redefining \HepProcess on input line 864.

Underfull \hbox (badness 10000) in paragraph at lines 886--904

 []


Underfull \hbox (badness 10000) in paragraph at lines 886--904

 []


Overfull \hbox (20.58493pt too wide) in paragraph at lines 907--915
[] 
 []

Excluding 'comment' comment.
LaTeX Info: Redefining \HepProcess on input line 943.
LaTeX Info: Redefining \HepProcess on input line 943.
 [25]
Underfull \hbox (badness 10000) in paragraph at lines 945--992

 []


Underfull \hbox (badness 10000) in paragraph at lines 945--992

 []


Underfull \hbox (badness 10000) in paragraph at lines 945--992

 []


Underfull \hbox (badness 10000) in paragraph at lines 945--992

 []


Underfull \hbox (badness 10000) in paragraph at lines 945--992

 []


Underfull \hbox (badness 10000) in paragraph at lines 945--992

 []


Underfull \hbox (badness 10000) in paragraph at lines 945--992

 []


Underfull \hbox (badness 10000) in paragraph at lines 945--992

 []


Underfull \hbox (badness 10000) in paragraph at lines 945--992

 []


Underfull \hbox (badness 10000) in paragraph at lines 945--992

 []


Underfull \hbox (badness 10000) in paragraph at lines 945--992

 []


Underfull \hbox (badness 10000) in paragraph at lines 945--992

 []

LaTeX Info: Redefining \HepProcess on input line 992.
LaTeX Info: Redefining \HepProcess on input line 992.
[26]
Underfull \hbox (badness 10000) in paragraph at lines 995--1003

 []


Underfull \hbox (badness 10000) in paragraph at lines 995--1003

 []


Underfull \hbox (badness 10000) in paragraph at lines 995--1003

 []

LaTeX Info: Redefining \HepProcess on input line 1003.
LaTeX Info: Redefining \HepProcess on input line 1003.
[27]
Underfull \hbox (badness 10000) in paragraph at lines 1006--1017

 []


Underfull \hbox (badness 10000) in paragraph at lines 1006--1017

 []


Underfull \hbox (badness 10000) in paragraph at lines 1006--1017

 []


Underfull \hbox (badness 10000) in paragraph at lines 1020--1023

 []


Underfull \hbox (badness 10000) in paragraph at lines 1026--1031

 []


Underfull \hbox (badness 10000) in paragraph at lines 1026--1031

 []

LaTeX Info: Redefining \HepProcess on input line 1032.
LaTeX Info: Redefining \HepProcess on input line 1032.
[28]
Underfull \hbox (badness 10000) in paragraph at lines 1036--1079

 []


Underfull \hbox (badness 10000) in paragraph at lines 1036--1079

 []


Underfull \hbox (badness 10000) in paragraph at lines 1036--1079

 []


Underfull \hbox (badness 10000) in paragraph at lines 1036--1079

 []


Underfull \hbox (badness 10000) in paragraph at lines 1036--1079

 []


Underfull \hbox (badness 10000) in paragraph at lines 1036--1079

 []


Package natbib Warning: There were undefined citations.

Package atveryend Info: Empty hook `BeforeClearDocument' on input line 1083.
LaTeX Info: Redefining \HepProcess on input line 1083.
LaTeX Info: Redefining \HepProcess on input line 1083.
[29]
Package atveryend Info: Empty hook `AfterLastShipout' on input line 1083.
 (./VHeft.aux)
Package atveryend Info: Executing hook `AtVeryEndDocument' on input line 1083.
Package atveryend Info: Executing hook `AtEndAfterFileList' on input line 1083.

Package rerunfilecheck Info: File `VHeft.out' has not changed.
(rerunfilecheck)             Checksum: C3F23C464B19643A07FFAAD3D8153264;1273.
Package atveryend Info: Empty hook `AtVeryVeryEnd' on input line 1083.
 ) 
Here is how much of TeX's memory you used:
 11000 strings out of 492982
 148778 string characters out of 6134895
 262407 words of memory out of 5000000
 14220 multiletter control sequences out of 15000+600000
 17479 words of font info for 63 fonts, out of 8000000 for 9000
 1141 hyphenation exceptions out of 8191
 43i,29n,35p,655b,665s stack positions out of 5000i,500n,10000p,200000b,80000s
</usr/share/texlive/texmf-dist/fonts/type1/public/amsfonts/cm/cmbx10.pfb></us
r/share/texlive/texmf-dist/fonts/type1/public/amsfonts/cm/cmbx12.pfb></usr/shar
e/texlive/texmf-dist/fonts/type1/public/amsfonts/cm/cmbx8.pfb></usr/share/texli
ve/texmf-dist/fonts/type1/public/amsfonts/cm/cmcsc10.pfb></usr/share/texlive/te
xmf-dist/fonts/type1/public/amsfonts/cm/cmex10.pfb></usr/share/texlive/texmf-di
st/fonts/type1/public/amsfonts/cm/cmmi10.pfb></usr/share/texlive/texmf-dist/fon
ts/type1/public/amsfonts/cm/cmmi6.pfb></usr/share/texlive/texmf-dist/fonts/type
1/public/amsfonts/cm/cmmi7.pfb></usr/share/texlive/texmf-dist/fonts/type1/publi
c/amsfonts/cm/cmmi8.pfb></usr/share/texlive/texmf-dist/fonts/type1/public/amsfo
nts/cm/cmr10.pfb></usr/share/texlive/texmf-dist/fonts/type1/public/amsfonts/cm/
cmr6.pfb></usr/share/texlive/texmf-dist/fonts/type1/public/amsfonts/cm/cmr7.pfb
></usr/share/texlive/texmf-dist/fonts/type1/public/amsfonts/cm/cmr8.pfb></usr/s
hare/texlive/texmf-dist/fonts/type1/public/amsfonts/cm/cmsy10.pfb></usr/share/t
exlive/texmf-dist/fonts/type1/public/amsfonts/cm/cmsy7.pfb></usr/share/texlive/
texmf-dist/fonts/type1/public/amsfonts/cm/cmsy8.pfb></usr/share/texlive/texmf-d
ist/fonts/type1/public/amsfonts/cm/cmti10.pfb></usr/share/texlive/texmf-dist/fo
nts/type1/public/amsfonts/cm/cmtt10.pfb></usr/share/texlive/texmf-dist/fonts/ty
pe1/public/amsfonts/symbols/msam10.pfb></usr/share/texlive/texmf-dist/fonts/typ
e1/public/amsfonts/symbols/msam7.pfb>
Output written on VHeft.pdf (29 pages, 740179 bytes).
PDF statistics:
 652 PDF objects out of 1000 (max. 8388607)
 542 compressed objects within 6 object streams
 151 named destinations out of 1000 (max. 500000)
 291 words of extra memory for PDF output out of 10000 (max. 10000000)

