\BOOKMARK [1][-]{section.1}{Science}{}% 1
\BOOKMARK [1][-]{section.2}{Research hypothesis}{}% 2
\BOOKMARK [1][-]{section.3}{Objectives}{}% 3
\BOOKMARK [1][-]{section.4}{Scientific originality}{}% 4
\BOOKMARK [1][-]{section.5}{Relevance to the research field}{}% 5
\BOOKMARK [1][-]{section.6}{Method}{}% 6
\BOOKMARK [2][-]{subsection.6.1}{Final states and observables}{section.6}% 7
\BOOKMARK [2][-]{subsection.6.2}{Event preselection and categorization}{section.6}% 8
\BOOKMARK [2][-]{subsection.6.3}{Neutrino reconstruction}{section.6}% 9
\BOOKMARK [2][-]{subsection.6.4}{Multivariate analysis}{section.6}% 10
\BOOKMARK [2][-]{subsection.6.5}{Sensitivity results}{section.6}% 11
\BOOKMARK [2][-]{subsection.6.6}{Possible extensions}{section.6}% 12
\BOOKMARK [1][-]{section.7}{Planned cooperation arrangement}{}% 13
\BOOKMARK [1][-]{section.8}{Work and plan}{}% 14
\BOOKMARK [1][-]{section.9}{Ethical, safety-related or regulatory aspects}{}% 15
\BOOKMARK [1][-]{section.10}{Sex-specific and gender-related issues}{}% 16
\BOOKMARK [1][-]{section.11}{Human resources}{}% 17
\BOOKMARK [1][-]{appendix.A}{References}{}% 18
\BOOKMARK [1][-]{appendix.B}{Research institution and required funding}{}% 19
\BOOKMARK [1][-]{appendix.C}{CV of the PI}{}% 20
